<?xml version="1.0" encoding="UTF-8"?>
<!-- Generated by org.testng.reporters.JUnitReportReporter -->
<testsuite hostname="Admin-PC" name="HashMapConcepts.FreeCRMTest" tests="1" failures="0" timestamp="11 Aug 2019 06:38:23 GMT" time="35.374" errors="0">
  <testcase name="bootStrap" time="35.374" classname="HashMapConcepts.FreeCRMTest"/>
</testsuite> <!-- HashMapConcepts.FreeCRMTest -->
