<?xml version="1.0" encoding="UTF-8"?>
<!-- Generated by org.testng.reporters.JUnitReportReporter -->
<testsuite hostname="Admin-PC" name="HashMapConcept_B.FreeCRMTest" tests="2" failures="0" timestamp="11 Aug 2019 13:35:11 GMT" time="45.966" errors="0">
  <testcase name="loginWithAdminCredentials" time="16.922" classname="HashMapConcept_B.FreeCRMTest"/>
  <testcase name="loginWithCustomerCredentials" time="29.044" classname="HashMapConcept_B.FreeCRMTest"/>
</testsuite> <!-- HashMapConcept_B.FreeCRMTest -->
