<?xml version="1.0" encoding="UTF-8"?>
<!-- Generated by org.testng.reporters.JUnitReportReporter -->
<testsuite hostname="Admin-PC" name="HashMapConcept_C.HashMapInSelenium" tests="1" failures="0" timestamp="11 Aug 2019 15:39:55 GMT" time="0.023" errors="0">
  <testcase name="hashMapInSelenium" time="0.023" classname="HashMapConcept_C.HashMapInSelenium"/>
</testsuite> <!-- HashMapConcept_C.HashMapInSelenium -->
